\BOOKMARK [1][-]{toc.1}{Inhaltsverzeichnis}{}% 1
\BOOKMARK [0][-]{chapter.1}{Einleitung}{}% 2
\BOOKMARK [0][-]{chapter.2}{CIGAR-Strings}{}% 3
\BOOKMARK [1][-]{subsection.2.0.1}{Komplexit\344t}{chapter.2}% 4
\BOOKMARK [2][-]{subsection.2.0.2}{Speicherverbrauch}{subsection.2.0.1}% 5
\BOOKMARK [2][-]{subsection.2.0.3}{Grafiken}{subsection.2.0.1}% 6
\BOOKMARK [0][-]{chapter.3}{TracePoint Konzept}{}% 7
\BOOKMARK [1][-]{subsection.3.0.1}{Komplexit\344t}{chapter.3}% 8
\BOOKMARK [2][-]{subsection.3.0.2}{Speicherverbrauch}{subsection.3.0.1}% 9
\BOOKMARK [2][-]{subsection.3.0.3}{Bewertung}{subsection.3.0.1}% 10
\BOOKMARK [2][-]{subsection.3.0.4}{Grafiken}{subsection.3.0.1}% 11
\BOOKMARK [0][-]{chapter.4}{Optimierung}{}% 12
\BOOKMARK [1][-]{subsection.4.0.1}{Delta-Kodierung}{chapter.4}% 13
\BOOKMARK [2][-]{subsection.4.0.2}{Grafiken Vergleich}{subsection.4.0.1}% 14
\BOOKMARK [0][-]{chapter.5}{Programm}{}% 15
\BOOKMARK [1][-]{subsection.5.0.1}{Aufbau}{chapter.5}% 16
\BOOKMARK [2][-]{subsection.5.0.2}{Funktionalit\344t}{subsection.5.0.1}% 17
\BOOKMARK [2][-]{subsection.5.0.3}{Grafiken Geschwindigkeit, Speicher}{subsection.5.0.1}% 18
\BOOKMARK [0][-]{chapter.6}{Fazit}{}% 19
\BOOKMARK [0][-]{section*.5}{Literaturverzeichnis}{}% 20
\BOOKMARK [0][-]{chapter*.7}{Eidesstattliche Erkl\344rung}{}% 21
